<?xml version="1.0" encoding="UTF-8"?>
<!-- Generated by org.testng.reporters.JUnitXMLReporter -->
<testsuite ignored="0" hostname="DESKTOP-H0PI4DT" failures="1" tests="1" name="Test" time="19.114" errors="0" timestamp="2022-09-21T17:35:09 IST">
  <testcase classname="tests.LoginTest" name="verifyLogin" time="7.702">
    <failure type="java.lang.AssertionError" message="expected [Dashboard / nopCommerce administration1] but found [Dashboard / nopCommerce administration]">
      <![CDATA[java.lang.AssertionError: expected [Dashboard / nopCommerce administration1] but found [Dashboard / nopCommerce administration]
at pages.LoginPage2.verifyApplicationTitle(LoginPage2.java:108)
at tests.LoginTest.verifyLogin(LoginTest.java:32)
at java.base/java.util.ArrayList.forEach(ArrayList.java:1511)
... Removed 36 stack frames]]>
    </failure>
  </testcase> <!-- verifyLogin -->
</testsuite> <!-- Test -->
