<?xml version="1.0" encoding="UTF-8"?>
<testsuite xmlns:xsi="http://www.w3.org/2001/XMLSchema-instance" xsi:noNamespaceSchemaLocation="https://maven.apache.org/surefire/maven-surefire-plugin/xsd/surefire-test-report-3.0.xsd" version="3.0" name="TestSuite" time="19.773" tests="1" errors="0" skipped="0" failures="1">
  <properties>
[...]
</properties>
  <testcase name="verifyLogin" classname="tests.LoginTest" time="7.679">
    <failure message="expected [Dashboard / nopCommerce administration1] but found [Dashboard / nopCommerce administration]" type="java.lang.AssertionError"><![CDATA[java.lang.AssertionError: expected [Dashboard / nopCommerce administration1] but found [Dashboard / nopCommerce administration]
	at tests.LoginTest.verifyLogin(LoginTest.java:32)
]]></failure>
    <system-out><![CDATA[https://admin-demo.nopcommerce.com/login?ReturnUrl=%2Fadmin%2F
]]></system-out>
    <system-err><![CDATA[SLF4J: Failed to load class "org.slf4j.impl.StaticLoggerBinder".
SLF4J: Defaulting to no-operation (NOP) logger implementation
SLF4J: See http://www.slf4j.org/codes.html#StaticLoggerBinder for further details.
Starting ChromeDriver 105.0.5195.52 (412c95e518836d8a7d97250d62b29c2ae6a26a85-refs/branch-heads/5195@{#853}) on port 22900
Only local connections are allowed.
Please see https://chromedriver.chromium.org/security-considerations for suggestions on keeping ChromeDriver safe.
ChromeDriver was started successfully.
Sep 21, 2022 5:34:52 PM org.openqa.selenium.remote.ProtocolHandshake createSession
INFO: Detected dialect: W3C
]]></system-err>
  </testcase>
</testsuite>