-------------------------------------------------------------------------------
Test set: TestSuite
-------------------------------------------------------------------------------
Tests run: 1, Failures: 1, Errors: 0, Skipped: 0, Time elapsed: 19.773 s <<< FAILURE! - in TestSuite
tests.LoginTest.verifyLogin  Time elapsed: 7.679 s  <<< FAILURE!
java.lang.AssertionError: expected [Dashboard / nopCommerce administration1] but found [Dashboard / nopCommerce administration]
	at tests.LoginTest.verifyLogin(LoginTest.java:32)

