<?xml version="1.0" encoding="UTF-8"?>
<testng-results ignored="0" total="1" passed="1" failed="0" skipped="0">
  <reporter-output>
  </reporter-output>
  <suite started-at="2022-09-22T15:50:12 IST" name="Default suite" finished-at="2022-09-22T15:50:19 IST" duration-ms="7530">
    <groups>
    </groups>
    <test started-at="2022-09-22T15:50:12 IST" name="Default test" finished-at="2022-09-22T15:50:19 IST" duration-ms="7530">
      <class name="testScripts.DatePickerTests">
        <test-method signature="turkishAirlinesDatePicker()[pri:0, instance:testScripts.DatePickerTests@77eca502]" started-at="2022-09-22T15:50:12 IST" name="turkishAirlinesDatePicker" finished-at="2022-09-22T15:50:19 IST" duration-ms="7456" status="PASS">
          <reporter-output>
          </reporter-output>
        </test-method> <!-- turkishAirlinesDatePicker -->
      </class> <!-- testScripts.DatePickerTests -->
    </test> <!-- Default test -->
  </suite> <!-- Default suite -->
</testng-results>
